<?xml version="1.0" encoding="UTF-8"?>
<testng-results ignored="0" total="1" passed="1" failed="0" skipped="0">
  <reporter-output>
  </reporter-output>
  <suite started-at="2021-07-01T10:07:05 IST" name="Default suite" finished-at="2021-07-01T10:08:20 IST" duration-ms="74801">
    <groups>
    </groups>
    <test started-at="2021-07-01T10:07:05 IST" name="Default test" finished-at="2021-07-01T10:08:20 IST" duration-ms="74801">
      <class name="com.crm.VtigerTests.CreatNewLeadByGivingValidInputToAnnualRevenue">
        <test-method signature="Lead11()[pri:0, instance:com.crm.VtigerTests.CreatNewLeadByGivingValidInputToAnnualRevenue@2473d930]" started-at="2021-07-01T10:07:05 IST" name="Lead11" finished-at="2021-07-01T10:08:20 IST" duration-ms="74678" status="PASS">
          <reporter-output>
          </reporter-output>
        </test-method> <!-- Lead11 -->
      </class> <!-- com.crm.VtigerTests.CreatNewLeadByGivingValidInputToAnnualRevenue -->
    </test> <!-- Default test -->
  </suite> <!-- Default suite -->
</testng-results>
